# JRE version: OpenJDK Runtime Environment (17.0.7) (build 17.0.7+0-b2043.56-10550314)
# Java VM: OpenJDK 64-Bit Server VM (17.0.7+0-b2043.56-10550314, mixed mode, tiered, compressed oops, compressed class ptrs, g1 gc, windows-amd64)
GC Precious Log:
 CPUs: 8 total, 8 available
 Memory: 7993M
 Large Page Support: Disabled
 NUMA Support: Disabled
 Compressed Oops: Enabled (32-bit)
 Heap Region Size: 1M
 Heap Min Capacity: 8M
 Heap Initial Capacity: 126M
 Heap Max Capacity: 2G
 Pre-touch: Disabled
 Parallel Workers: 8
 Concurrent Workers: 2
 Concurrent Refinement Workers: 8
 Periodic GC: Disabled
Heap:
 garbage-first heap   total 319488K, used 230221K [0x0000000080000000, 0x0000000100000000)
  region size 1024K, 4 young (4096K), 4 survivors (4096K)
 Metaspace       used 124286K, committed 125184K, reserved 1179648K
  class space    used 16272K, committed 16704K, reserved 1048576K
GC Heap History (20 events):
Event: 43.012 GC heap after
{Heap after GC invocations=41 (full 0):
 garbage-first heap   total 222208K, used 129607K [0x0000000080000000, 0x0000000100000000)
  region size 1024K, 7 young (7168K), 7 survivors (7168K)
 Metaspace       used 105180K, committed 105856K, reserved 1179648K
  class space    used 14129K, committed 14464K, reserved 1048576K
}
Event: 43.522 GC heap before
{Heap before GC invocations=41 (full 0):
 garbage-first heap   total 222208K, used 182855K [0x0000000080000000, 0x0000000100000000)
  region size 1024K, 60 young (61440K), 7 survivors (7168K)
 Metaspace       used 105219K, committed 105984K, reserved 1179648K
  class space    used 14133K, committed 14464K, reserved 1048576K
}
Event: 43.535 GC heap after
{Heap after GC invocations=42 (full 0):
 garbage-first heap   total 222208K, used 133082K [0x0000000080000000, 0x0000000100000000)
  region size 1024K, 5 young (5120K), 5 survivors (5120K)
 Metaspace       used 105219K, committed 105984K, reserved 1179648K
  class space    used 14133K, committed 14464K, reserved 1048576K
}
Event: 43.978 GC heap before
{Heap before GC invocations=42 (full 0):
 garbage-first heap   total 222208K, used 184282K [0x0000000080000000, 0x0000000100000000)
  region size 1024K, 56 young (57344K), 5 survivors (5120K)
 Metaspace       used 105242K, committed 105984K, reserved 1179648K
  class space    used 14133K, committed 14464K, reserved 1048576K
}
Event: 43.988 GC heap after
{Heap after GC invocations=43 (full 0):
 garbage-first heap   total 267264K, used 134571K [0x0000000080000000, 0x0000000100000000)
  region size 1024K, 4 young (4096K), 4 survivors (4096K)
 Metaspace       used 105242K, committed 105984K, reserved 1179648K
  class space    used 14133K, committed 14464K, reserved 1048576K
}
Event: 73.822 GC heap before
{Heap before GC invocations=43 (full 0):
 garbage-first heap   total 267264K, used 219563K [0x0000000080000000, 0x0000000100000000)
  region size 1024K, 86 young (88064K), 4 survivors (4096K)
 Metaspace       used 106733K, committed 107584K, reserved 1179648K
  class space    used 14346K, committed 14784K, reserved 1048576K
}
Event: 73.894 GC heap after
{Heap after GC invocations=44 (full 0):
 garbage-first heap   total 267264K, used 143186K [0x0000000080000000, 0x0000000100000000)
  region size 1024K, 11 young (11264K), 11 survivors (11264K)
 Metaspace       used 106733K, committed 107584K, reserved 1179648K
  class space    used 14346K, committed 14784K, reserved 1048576K
}
Event: 79.069 GC heap before
{Heap before GC invocations=44 (full 0):
 garbage-first heap   total 267264K, used 224082K [0x0000000080000000, 0x0000000100000000)
  region size 1024K, 83 young (84992K), 11 survivors (11264K)
 Metaspace       used 114463K, committed 115328K, reserved 1179648K
  class space    used 15220K, committed 15616K, reserved 1048576K
}
Event: 79.107 GC heap after
{Heap after GC invocations=45 (full 0):
 garbage-first heap   total 267264K, used 148162K [0x0000000080000000, 0x0000000100000000)
  region size 1024K, 5 young (5120K), 5 survivors (5120K)
 Metaspace       used 114463K, committed 115328K, reserved 1179648K
  class space    used 15220K, committed 15616K, reserved 1048576K
}
Event: 84.564 GC heap before
{Heap before GC invocations=46 (full 0):
 garbage-first heap   total 267264K, used 221890K [0x0000000080000000, 0x0000000100000000)
  region size 1024K, 75 young (76800K), 5 survivors (5120K)
 Metaspace       used 116274K, committed 117120K, reserved 1179648K
  class space    used 15362K, committed 15808K, reserved 1048576K
}
Event: 84.606 GC heap after
{Heap after GC invocations=47 (full 0):
 garbage-first heap   total 267264K, used 167197K [0x0000000080000000, 0x0000000100000000)
  region size 1024K, 10 young (10240K), 10 survivors (10240K)
 Metaspace       used 116274K, committed 117120K, reserved 1179648K
  class space    used 15362K, committed 15808K, reserved 1048576K
}
Event: 84.649 GC heap before
{Heap before GC invocations=47 (full 0):
 garbage-first heap   total 267264K, used 170269K [0x0000000080000000, 0x0000000100000000)
  region size 1024K, 13 young (13312K), 10 survivors (10240K)
 Metaspace       used 116283K, committed 117120K, reserved 1179648K
  class space    used 15362K, committed 15808K, reserved 1048576K
}
Event: 84.686 GC heap after
{Heap after GC invocations=48 (full 0):
 garbage-first heap   total 267264K, used 167022K [0x0000000080000000, 0x0000000100000000)
  region size 1024K, 2 young (2048K), 2 survivors (2048K)
 Metaspace       used 116283K, committed 117120K, reserved 1179648K
  class space    used 15362K, committed 15808K, reserved 1048576K
}
Event: 86.083 GC heap before
{Heap before GC invocations=48 (full 0):
 garbage-first heap   total 267264K, used 219246K [0x0000000080000000, 0x0000000100000000)
  region size 1024K, 50 young (51200K), 2 survivors (2048K)
 Metaspace       used 121119K, committed 121984K, reserved 1179648K
  class space    used 15830K, committed 16256K, reserved 1048576K
}
Event: 86.100 GC heap after
{Heap after GC invocations=49 (full 0):
 garbage-first heap   total 267264K, used 178672K [0x0000000080000000, 0x0000000100000000)
  region size 1024K, 7 young (7168K), 7 survivors (7168K)
 Metaspace       used 121119K, committed 121984K, reserved 1179648K
  class space    used 15830K, committed 16256K, reserved 1048576K
}
Event: 87.181 GC heap before
{Heap before GC invocations=50 (full 0):
 garbage-first heap   total 319488K, used 217584K [0x0000000080000000, 0x0000000100000000)
  region size 1024K, 45 young (46080K), 7 survivors (7168K)
 Metaspace       used 121239K, committed 122048K, reserved 1179648K
  class space    used 15834K, committed 16256K, reserved 1048576K
}
Event: 87.268 GC heap after
{Heap after GC invocations=51 (full 0):
 garbage-first heap   total 319488K, used 215880K [0x0000000080000000, 0x0000000100000000)
  region size 1024K, 6 young (6144K), 6 survivors (6144K)
 Metaspace       used 121239K, committed 122048K, reserved 1179648K
  class space    used 15834K, committed 16256K, reserved 1048576K
}
Event: 87.416 GC heap before
{Heap before GC invocations=51 (full 0):
 garbage-first heap   total 319488K, used 225096K [0x0000000080000000, 0x0000000100000000)
  region size 1024K, 15 young (15360K), 6 survivors (6144K)
 Metaspace       used 121677K, committed 122496K, reserved 1179648K
  class space    used 15879K, committed 16320K, reserved 1048576K
}
Event: 87.442 GC heap after
{Heap after GC invocations=52 (full 0):
 garbage-first heap   total 319488K, used 221696K [0x0000000080000000, 0x0000000100000000)
  region size 1024K, 2 young (2048K), 2 survivors (2048K)
 Metaspace       used 121677K, committed 122496K, reserved 1179648K
  class space    used 15879K, committed 16320K, reserved 1048576K
}
Event: 88.917 GC heap before
{Heap before GC invocations=52 (full 0):
 garbage-first heap   total 319488K, used 249344K [0x0000000080000000, 0x0000000100000000)
  region size 1024K, 27 young (27648K), 2 survivors (2048K)
 Metaspace       used 124286K, committed 125184K, reserved 1179648K
  class space    used 16272K, committed 16704K, reserved 1048576K
}

