# JRE version: OpenJDK Runtime Environment (17.0.7) (build 17.0.7+0-b2043.56-10550314)
# Java VM: OpenJDK 64-Bit Server VM (17.0.7+0-b2043.56-10550314, mixed mode, tiered, compressed oops, compressed class ptrs, g1 gc, windows-amd64)
GC Precious Log:
 CPUs: 8 total, 8 available
 Memory: 7993M
 Large Page Support: Disabled
 NUMA Support: Disabled
 Compressed Oops: Enabled (32-bit)
 Heap Region Size: 1M
 Heap Min Capacity: 8M
 Heap Initial Capacity: 126M
 Heap Max Capacity: 2G
 Pre-touch: Disabled
 Parallel Workers: 8
 Concurrent Workers: 2
 Concurrent Refinement Workers: 8
 Periodic GC: Disabled
Heap:
 garbage-first heap   total 293888K, used 128041K [0x0000000080000000, 0x0000000100000000)
  region size 1024K, 37 young (37888K), 5 survivors (5120K)
 Metaspace       used 99623K, committed 100288K, reserved 1179648K
  class space    used 13453K, committed 13760K, reserved 1048576K
GC Heap History (20 events):
Event: 20.061 GC heap before
{Heap before GC invocations=27 (full 0):
 garbage-first heap   total 146432K, used 108770K [0x0000000080000000, 0x0000000100000000)
  region size 1024K, 47 young (48128K), 4 survivors (4096K)
 Metaspace       used 76635K, committed 77248K, reserved 1179648K
  class space    used 10110K, committed 10368K, reserved 1048576K
}
Event: 20.071 GC heap after
{Heap after GC invocations=28 (full 0):
 garbage-first heap   total 146432K, used 69872K [0x0000000080000000, 0x0000000100000000)
  region size 1024K, 6 young (6144K), 6 survivors (6144K)
 Metaspace       used 76635K, committed 77248K, reserved 1179648K
  class space    used 10110K, committed 10368K, reserved 1048576K
}
Event: 21.062 GC heap before
{Heap before GC invocations=28 (full 0):
 garbage-first heap   total 146432K, used 111856K [0x0000000080000000, 0x0000000100000000)
  region size 1024K, 46 young (47104K), 6 survivors (6144K)
 Metaspace       used 79544K, committed 80128K, reserved 1179648K
  class space    used 10503K, committed 10752K, reserved 1048576K
}
Event: 21.072 GC heap after
{Heap after GC invocations=29 (full 0):
 garbage-first heap   total 146432K, used 72891K [0x0000000080000000, 0x0000000100000000)
  region size 1024K, 5 young (5120K), 5 survivors (5120K)
 Metaspace       used 79544K, committed 80128K, reserved 1179648K
  class space    used 10503K, committed 10752K, reserved 1048576K
}
Event: 22.210 GC heap before
{Heap before GC invocations=29 (full 0):
 garbage-first heap   total 146432K, used 112827K [0x0000000080000000, 0x0000000100000000)
  region size 1024K, 44 young (45056K), 5 survivors (5120K)
 Metaspace       used 84229K, committed 84864K, reserved 1179648K
  class space    used 11353K, committed 11648K, reserved 1048576K
}
Event: 22.218 GC heap after
{Heap after GC invocations=30 (full 0):
 garbage-first heap   total 146432K, used 75012K [0x0000000080000000, 0x0000000100000000)
  region size 1024K, 3 young (3072K), 3 survivors (3072K)
 Metaspace       used 84229K, committed 84864K, reserved 1179648K
  class space    used 11353K, committed 11648K, reserved 1048576K
}
Event: 23.622 GC heap before
{Heap before GC invocations=31 (full 0):
 garbage-first heap   total 146432K, used 114948K [0x0000000080000000, 0x0000000100000000)
  region size 1024K, 42 young (43008K), 3 survivors (3072K)
 Metaspace       used 88307K, committed 88896K, reserved 1179648K
  class space    used 11957K, committed 12224K, reserved 1048576K
}
Event: 23.634 GC heap after
{Heap after GC invocations=32 (full 0):
 garbage-first heap   total 146432K, used 78300K [0x0000000080000000, 0x0000000100000000)
  region size 1024K, 6 young (6144K), 6 survivors (6144K)
 Metaspace       used 88307K, committed 88896K, reserved 1179648K
  class space    used 11957K, committed 12224K, reserved 1048576K
}
Event: 23.662 GC heap before
{Heap before GC invocations=32 (full 0):
 garbage-first heap   total 146432K, used 79324K [0x0000000080000000, 0x0000000100000000)
  region size 1024K, 7 young (7168K), 6 survivors (6144K)
 Metaspace       used 88411K, committed 88960K, reserved 1179648K
  class space    used 11968K, committed 12224K, reserved 1048576K
}
Event: 23.672 GC heap after
{Heap after GC invocations=33 (full 0):
 garbage-first heap   total 146432K, used 78332K [0x0000000080000000, 0x0000000100000000)
  region size 1024K, 1 young (1024K), 1 survivors (1024K)
 Metaspace       used 88411K, committed 88960K, reserved 1179648K
  class space    used 11968K, committed 12224K, reserved 1048576K
}
Event: 24.683 GC heap before
{Heap before GC invocations=33 (full 0):
 garbage-first heap   total 146432K, used 117244K [0x0000000080000000, 0x0000000100000000)
  region size 1024K, 39 young (39936K), 1 survivors (1024K)
 Metaspace       used 92206K, committed 92864K, reserved 1179648K
  class space    used 12549K, committed 12864K, reserved 1048576K
}
Event: 24.692 GC heap after
{Heap after GC invocations=34 (full 0):
 garbage-first heap   total 146432K, used 80554K [0x0000000080000000, 0x0000000100000000)
  region size 1024K, 4 young (4096K), 4 survivors (4096K)
 Metaspace       used 92206K, committed 92864K, reserved 1179648K
  class space    used 12549K, committed 12864K, reserved 1048576K
}
Event: 25.814 GC heap before
{Heap before GC invocations=35 (full 0):
 garbage-first heap   total 146432K, used 117418K [0x0000000080000000, 0x0000000100000000)
  region size 1024K, 40 young (40960K), 4 survivors (4096K)
 Metaspace       used 95514K, committed 96192K, reserved 1179648K
  class space    used 12988K, committed 13312K, reserved 1048576K
}
Event: 25.833 GC heap after
{Heap after GC invocations=36 (full 0):
 garbage-first heap   total 146432K, used 83933K [0x0000000080000000, 0x0000000100000000)
  region size 1024K, 4 young (4096K), 4 survivors (4096K)
 Metaspace       used 95514K, committed 96192K, reserved 1179648K
  class space    used 12988K, committed 13312K, reserved 1048576K
}
Event: 25.900 GC heap before
{Heap before GC invocations=36 (full 0):
 garbage-first heap   total 146432K, used 87005K [0x0000000080000000, 0x0000000100000000)
  region size 1024K, 7 young (7168K), 4 survivors (4096K)
 Metaspace       used 95580K, committed 96256K, reserved 1179648K
  class space    used 12993K, committed 13312K, reserved 1048576K
}
Event: 25.919 GC heap after
{Heap after GC invocations=37 (full 0):
 garbage-first heap   total 146432K, used 83636K [0x0000000080000000, 0x0000000100000000)
  region size 1024K, 1 young (1024K), 1 survivors (1024K)
 Metaspace       used 95580K, committed 96256K, reserved 1179648K
  class space    used 12993K, committed 13312K, reserved 1048576K
}
Event: 26.668 GC heap before
{Heap before GC invocations=37 (full 0):
 garbage-first heap   total 146432K, used 119476K [0x0000000080000000, 0x0000000100000000)
  region size 1024K, 36 young (36864K), 1 survivors (1024K)
 Metaspace       used 95894K, committed 96512K, reserved 1179648K
  class space    used 13024K, committed 13312K, reserved 1048576K
}
Event: 26.677 GC heap after
{Heap after GC invocations=38 (full 0):
 garbage-first heap   total 146432K, used 88919K [0x0000000080000000, 0x0000000100000000)
  region size 1024K, 5 young (5120K), 5 survivors (5120K)
 Metaspace       used 95894K, committed 96512K, reserved 1179648K
  class space    used 13024K, committed 13312K, reserved 1048576K
}
Event: 27.032 GC heap before
{Heap before GC invocations=38 (full 0):
 garbage-first heap   total 146432K, used 118615K [0x0000000080000000, 0x0000000100000000)
  region size 1024K, 35 young (35840K), 5 survivors (5120K)
 Metaspace       used 96906K, committed 97600K, reserved 1179648K
  class space    used 13109K, committed 13440K, reserved 1048576K
}
Event: 27.047 GC heap after
{Heap after GC invocations=39 (full 0):
 garbage-first heap   total 293888K, used 95273K [0x0000000080000000, 0x0000000100000000)
  region size 1024K, 5 young (5120K), 5 survivors (5120K)
 Metaspace       used 96906K, committed 97600K, reserved 1179648K
  class space    used 13109K, committed 13440K, reserved 1048576K
}

