# JRE version: OpenJDK Runtime Environment (17.0.7) (build 17.0.7+0-b2043.56-10550314)
# Java VM: OpenJDK 64-Bit Server VM (17.0.7+0-b2043.56-10550314, mixed mode, tiered, compressed oops, compressed class ptrs, g1 gc, windows-amd64)
GC Precious Log:
 CPUs: 8 total, 8 available
 Memory: 7993M
 Large Page Support: Disabled
 NUMA Support: Disabled
 Compressed Oops: Enabled (32-bit)
 Heap Region Size: 1M
 Heap Min Capacity: 8M
 Heap Initial Capacity: 126M
 Heap Max Capacity: 2G
 Pre-touch: Disabled
 Parallel Workers: 8
 Concurrent Workers: 2
 Concurrent Refinement Workers: 8
 Periodic GC: Disabled
Heap:
 garbage-first heap   total 409600K, used 268681K [0x0000000080000000, 0x0000000100000000)
  region size 1024K, 3 young (3072K), 3 survivors (3072K)
 Metaspace       used 122413K, committed 123264K, reserved 1179648K
  class space    used 16021K, committed 16448K, reserved 1048576K
GC Heap History (20 events):
Event: 52.955 GC heap after
{Heap after GC invocations=60 (full 0):
 garbage-first heap   total 283648K, used 182612K [0x0000000080000000, 0x0000000100000000)
  region size 1024K, 6 young (6144K), 6 survivors (6144K)
 Metaspace       used 116835K, committed 117760K, reserved 1179648K
  class space    used 15226K, committed 15680K, reserved 1048576K
}
Event: 53.538 GC heap before
{Heap before GC invocations=60 (full 0):
 garbage-first heap   total 283648K, used 237908K [0x0000000080000000, 0x0000000100000000)
  region size 1024K, 61 young (62464K), 6 survivors (6144K)
 Metaspace       used 116908K, committed 117760K, reserved 1179648K
  class space    used 15234K, committed 15680K, reserved 1048576K
}
Event: 53.550 GC heap after
{Heap after GC invocations=61 (full 0):
 garbage-first heap   total 283648K, used 186522K [0x0000000080000000, 0x0000000100000000)
  region size 1024K, 7 young (7168K), 7 survivors (7168K)
 Metaspace       used 116908K, committed 117760K, reserved 1179648K
  class space    used 15234K, committed 15680K, reserved 1048576K
}
Event: 54.128 GC heap before
{Heap before GC invocations=61 (full 0):
 garbage-first heap   total 283648K, used 238746K [0x0000000080000000, 0x0000000100000000)
  region size 1024K, 59 young (60416K), 7 survivors (7168K)
 Metaspace       used 117258K, committed 118144K, reserved 1179648K
  class space    used 15290K, committed 15744K, reserved 1048576K
}
Event: 54.139 GC heap after
{Heap after GC invocations=62 (full 0):
 garbage-first heap   total 283648K, used 187679K [0x0000000080000000, 0x0000000100000000)
  region size 1024K, 5 young (5120K), 5 survivors (5120K)
 Metaspace       used 117258K, committed 118144K, reserved 1179648K
  class space    used 15290K, committed 15744K, reserved 1048576K
}
Event: 54.755 GC heap before
{Heap before GC invocations=62 (full 0):
 garbage-first heap   total 283648K, used 238879K [0x0000000080000000, 0x0000000100000000)
  region size 1024K, 56 young (57344K), 5 survivors (5120K)
 Metaspace       used 117626K, committed 118528K, reserved 1179648K
  class space    used 15333K, committed 15808K, reserved 1048576K
}
Event: 54.767 GC heap after
{Heap after GC invocations=63 (full 0):
 garbage-first heap   total 283648K, used 190078K [0x0000000080000000, 0x0000000100000000)
  region size 1024K, 5 young (5120K), 5 survivors (5120K)
 Metaspace       used 117626K, committed 118528K, reserved 1179648K
  class space    used 15333K, committed 15808K, reserved 1048576K
}
Event: 55.766 GC heap before
{Heap before GC invocations=63 (full 0):
 garbage-first heap   total 283648K, used 261758K [0x0000000080000000, 0x0000000100000000)
  region size 1024K, 54 young (55296K), 5 survivors (5120K)
 Metaspace       used 121238K, committed 122112K, reserved 1179648K
  class space    used 15833K, committed 16256K, reserved 1048576K
}
Event: 55.780 GC heap after
{Heap after GC invocations=64 (full 0):
 garbage-first heap   total 283648K, used 227290K [0x0000000080000000, 0x0000000100000000)
  region size 1024K, 7 young (7168K), 7 survivors (7168K)
 Metaspace       used 121238K, committed 122112K, reserved 1179648K
  class space    used 15833K, committed 16256K, reserved 1048576K
}
Event: 55.825 GC heap before
{Heap before GC invocations=64 (full 0):
 garbage-first heap   total 283648K, used 270298K [0x0000000080000000, 0x0000000100000000)
  region size 1024K, 24 young (24576K), 7 survivors (7168K)
 Metaspace       used 121245K, committed 122112K, reserved 1179648K
  class space    used 15833K, committed 16256K, reserved 1048576K
}
Event: 55.831 GC heap after
{Heap after GC invocations=65 (full 0):
 garbage-first heap   total 286720K, used 245037K [0x0000000080000000, 0x0000000100000000)
  region size 1024K, 3 young (3072K), 3 survivors (3072K)
 Metaspace       used 121245K, committed 122112K, reserved 1179648K
  class space    used 15833K, committed 16256K, reserved 1048576K
}
Event: 55.846 GC heap before
{Heap before GC invocations=65 (full 0):
 garbage-first heap   total 286720K, used 275757K [0x0000000080000000, 0x0000000100000000)
  region size 1024K, 13 young (13312K), 3 survivors (3072K)
 Metaspace       used 121251K, committed 122112K, reserved 1179648K
  class space    used 15833K, committed 16256K, reserved 1048576K
}
Event: 55.850 GC heap after
{Heap after GC invocations=66 (full 0):
 garbage-first heap   total 286720K, used 261412K [0x0000000080000000, 0x0000000100000000)
  region size 1024K, 2 young (2048K), 2 survivors (2048K)
 Metaspace       used 121251K, committed 122112K, reserved 1179648K
  class space    used 15833K, committed 16256K, reserved 1048576K
}
Event: 56.159 GC heap before
{Heap before GC invocations=66 (full 0):
 garbage-first heap   total 286720K, used 277796K [0x0000000080000000, 0x0000000100000000)
  region size 1024K, 12 young (12288K), 2 survivors (2048K)
 Metaspace       used 121575K, committed 122432K, reserved 1179648K
  class space    used 15881K, committed 16320K, reserved 1048576K
}
Event: 56.165 GC heap after
{Heap after GC invocations=67 (full 0):
 garbage-first heap   total 286720K, used 264549K [0x0000000080000000, 0x0000000100000000)
  region size 1024K, 2 young (2048K), 2 survivors (2048K)
 Metaspace       used 121575K, committed 122432K, reserved 1179648K
  class space    used 15881K, committed 16320K, reserved 1048576K
}
Event: 56.751 GC heap before
{Heap before GC invocations=67 (full 0):
 garbage-first heap   total 409600K, used 249189K [0x0000000080000000, 0x0000000100000000)
  region size 1024K, 14 young (14336K), 2 survivors (2048K)
 Metaspace       used 121589K, committed 122432K, reserved 1179648K
  class space    used 15879K, committed 16320K, reserved 1048576K
}
Event: 56.778 GC heap after
{Heap after GC invocations=68 (full 0):
 garbage-first heap   total 409600K, used 242542K [0x0000000080000000, 0x0000000100000000)
  region size 1024K, 2 young (2048K), 2 survivors (2048K)
 Metaspace       used 121589K, committed 122432K, reserved 1179648K
  class space    used 15879K, committed 16320K, reserved 1048576K
}
Event: 58.004 GC heap before
{Heap before GC invocations=69 (full 0):
 garbage-first heap   total 409600K, used 337774K [0x0000000080000000, 0x0000000100000000)
  region size 1024K, 89 young (91136K), 2 survivors (2048K)
 Metaspace       used 121614K, committed 122432K, reserved 1179648K
  class space    used 15889K, committed 16320K, reserved 1048576K
}
Event: 58.096 GC heap after
{Heap after GC invocations=70 (full 0):
 garbage-first heap   total 409600K, used 282765K [0x0000000080000000, 0x0000000100000000)
  region size 1024K, 12 young (12288K), 12 survivors (12288K)
 Metaspace       used 121614K, committed 122432K, reserved 1179648K
  class space    used 15889K, committed 16320K, reserved 1048576K
}
Event: 58.212 GC heap before
{Heap before GC invocations=70 (full 0):
 garbage-first heap   total 409600K, used 289933K [0x0000000080000000, 0x0000000100000000)
  region size 1024K, 20 young (20480K), 12 survivors (12288K)
 Metaspace       used 122413K, committed 123264K, reserved 1179648K
  class space    used 16021K, committed 16448K, reserved 1048576K
}

